2023-12-01 23:13:13.019  INFO 23680 --- [main] vicioExtDatosOcrIdentifiacionApplication : Starting ServicioExtDatosOcrIdentifiacionApplication using Java 11.0.16.1 on DESKTOP-NNSR15G with PID 23680 (C:\proyectosActuales\AMEXTRA\AMEXTRAMICROSERVICIOS\servicioOcrIdentificacion\target\classes started by jbecerril in C:\proyectosActuales\AMEXTRA\AMEXTRAMICROSERVICIOS\servicioOcrIdentificacion)
2023-12-01 23:13:13.077  INFO 23680 --- [main] vicioExtDatosOcrIdentifiacionApplication : The following profiles are active: qa
2023-12-01 23:13:17.241  INFO 23680 --- [main] .s.d.r.c.RepositoryConfigurationDelegate : Bootstrapping Spring Data JPA repositories in DEFAULT mode.
2023-12-01 23:13:18.235  INFO 23680 --- [main] .s.d.r.c.RepositoryConfigurationDelegate : Finished Spring Data repository scanning in 915 ms. Found 1 JPA repository interfaces.
2023-12-01 23:13:19.696  INFO 23680 --- [main] trationDelegate$BeanPostProcessorChecker : Bean 'org.springframework.ws.config.annotation.DelegatingWsConfiguration' of type [org.springframework.ws.config.annotation.DelegatingWsConfiguration$$EnhancerBySpringCGLIB$$73eafe87] is not eligible for getting processed by all BeanPostProcessors (for example: not eligible for auto-proxying)
2023-12-01 23:13:19.953  INFO 23680 --- [main] .w.s.a.s.AnnotationActionEndpointMapping : Supporting [WS-Addressing August 2004, WS-Addressing 1.0]
2023-12-01 23:13:22.287  INFO 23680 --- [main] o.s.b.w.embedded.tomcat.TomcatWebServer  : Tomcat initialized with port(s): 9005 (http)
2023-12-01 23:13:22.307  INFO 23680 --- [main] o.apache.catalina.core.StandardService   : Starting service [Tomcat]
2023-12-01 23:13:22.308  INFO 23680 --- [main] org.apache.catalina.core.StandardEngine  : Starting Servlet engine: [Apache Tomcat/9.0.52]
2023-12-01 23:13:22.633  INFO 23680 --- [main] o.a.c.c.C.[Tomcat].[localhost].[/]       : Initializing Spring embedded WebApplicationContext
2023-12-01 23:13:22.634  INFO 23680 --- [main] w.s.c.ServletWebServerApplicationContext : Root WebApplicationContext: initialization completed in 9200 ms
2023-12-01 23:13:22.971  INFO 23680 --- [main] com.zaxxer.hikari.HikariDataSource       : HikariPool-1 - Starting...
2023-12-01 23:13:23.567  INFO 23680 --- [main] com.zaxxer.hikari.HikariDataSource       : HikariPool-1 - Start completed.
2023-12-01 23:13:23.782  INFO 23680 --- [main] o.hibernate.jpa.internal.util.LogHelper  : HHH000204: Processing PersistenceUnitInfo [name: default]
2023-12-01 23:13:23.960  INFO 23680 --- [main] org.hibernate.Version                    : HHH000412: Hibernate ORM core version 5.4.32.Final
2023-12-01 23:13:24.513  INFO 23680 --- [main] o.hibernate.annotations.common.Version   : HCANN000001: Hibernate Commons Annotations {5.1.2.Final}
2023-12-01 23:13:24.914  INFO 23680 --- [main] org.hibernate.dialect.Dialect            : HHH000400: Using dialect: org.hibernate.dialect.PostgreSQL10Dialect
2023-12-01 23:13:26.634  INFO 23680 --- [main] Hibernate Types                          : This framework is proudly powered by:

>>>>>>>>>>>>>>>>>>>>>>>>>>>>>>>>>>>>>>>>>>>>>>>>>>>>>>>>>>>>>>>>
 _    _                           _     _
| |  | |                         (_)   | |
| |__| |_   _ _ __   ___ _ __ ___ _ ___| |_ ___ _ __   ___ ___
|  __  | | | | '_ \ / _ \ '__/ __| / __| __/ _ \ '_ \ / __/ _ \
| |  | | |_| | |_) |  __/ |  \__ \ \__ \ ||  __/ | | | (_|  __/
|_|  |_|\__, | .__/ \___|_|  |___/_|___/\__\___|_| |_|\___\___|
         __/ | |
        |___/|_|

At Hypersistence, we only build amazing tools, like Hibernate Types, Flexy Pool, or Hypersistence Optimizer.

What if there were a tool that could automatically detect JPA and Hibernate performance issues?

Hypersistence Optimizer is that tool! For more details, go to: 

https://vladmihalcea.com/hypersistence-optimizer/
<<<<<<<<<<<<<<<<<<<<<<<<<<<<<<<<<<<<<<<<<<<<<<<<<<<<<<<<<<<<<<<<

2023-12-01 23:13:29.647  INFO 23680 --- [main] o.h.e.t.j.p.i.JtaPlatformInitiator       : HHH000490: Using JtaPlatform implementation: [org.hibernate.engine.transaction.jta.platform.internal.NoJtaPlatform]
2023-12-01 23:13:31.493  INFO 23680 --- [main] j.LocalContainerEntityManagerFactoryBean : Initialized JPA EntityManagerFactory for persistence unit 'default'
2023-12-01 23:13:35.842  WARN 23680 --- [main] JpaBaseConfiguration$JpaWebConfiguration : spring.jpa.open-in-view is enabled by default. Therefore, database queries may be performed during view rendering. Explicitly configure spring.jpa.open-in-view to disable this warning
2023-12-01 23:13:37.496  WARN 23680 --- [main] o.s.x.transform.TransformerFactoryUtils  : http://javax.xml.XMLConstants/property/accessExternalDTD property not supported by org.apache.xalan.processor.TransformerFactoryImpl
2023-12-01 23:13:37.497  WARN 23680 --- [main] o.s.x.transform.TransformerFactoryUtils  : http://javax.xml.XMLConstants/property/accessExternalStylesheet property not supported by org.apache.xalan.processor.TransformerFactoryImpl
2023-12-01 23:13:37.731  INFO 23680 --- [main] o.s.b.w.embedded.tomcat.TomcatWebServer  : Tomcat started on port(s): 9005 (http) with context path ''
2023-12-01 23:13:37.751  INFO 23680 --- [main] vicioExtDatosOcrIdentifiacionApplication : Started ServicioExtDatosOcrIdentifiacionApplication in 26.949 seconds (JVM running for 32.221)
