2023-12-01 23:13:45.326  INFO 7228 --- [main] c.m.c.v.m.s.ServicioCurpApplication      : Starting ServicioCurpApplication using Java 11.0.16.1 on DESKTOP-NNSR15G with PID 7228 (C:\proyectosActuales\AMEXTRA\AMEXTRAMICROSERVICIOS\servicioCurp\target\classes started by jbecerril in C:\proyectosActuales\AMEXTRA\AMEXTRAMICROSERVICIOS\servicioCurp)
2023-12-01 23:13:45.341  INFO 7228 --- [main] c.m.c.v.m.s.ServicioCurpApplication      : The following profiles are active: qa
2023-12-01 23:13:48.285  INFO 7228 --- [main] .s.d.r.c.RepositoryConfigurationDelegate : Bootstrapping Spring Data JPA repositories in DEFAULT mode.
2023-12-01 23:13:48.330  INFO 7228 --- [main] .s.d.r.c.RepositoryConfigurationDelegate : Finished Spring Data repository scanning in 13 ms. Found 0 JPA repository interfaces.
2023-12-01 23:13:49.393  INFO 7228 --- [main] trationDelegate$BeanPostProcessorChecker : Bean 'org.springframework.ws.config.annotation.DelegatingWsConfiguration' of type [org.springframework.ws.config.annotation.DelegatingWsConfiguration$$EnhancerBySpringCGLIB$$692f1f62] is not eligible for getting processed by all BeanPostProcessors (for example: not eligible for auto-proxying)
2023-12-01 23:13:49.727  INFO 7228 --- [main] .w.s.a.s.AnnotationActionEndpointMapping : Supporting [WS-Addressing August 2004, WS-Addressing 1.0]
2023-12-01 23:13:52.759  INFO 7228 --- [main] o.s.b.w.embedded.tomcat.TomcatWebServer  : Tomcat initialized with port(s): 9002 (http)
2023-12-01 23:13:52.802  INFO 7228 --- [main] o.apache.catalina.core.StandardService   : Starting service [Tomcat]
2023-12-01 23:13:52.805  INFO 7228 --- [main] org.apache.catalina.core.StandardEngine  : Starting Servlet engine: [Apache Tomcat/9.0.52]
2023-12-01 23:13:53.259  INFO 7228 --- [main] o.a.c.c.C.[Tomcat].[localhost].[/]       : Initializing Spring embedded WebApplicationContext
2023-12-01 23:13:53.260  INFO 7228 --- [main] w.s.c.ServletWebServerApplicationContext : Root WebApplicationContext: initialization completed in 7780 ms
2023-12-01 23:13:54.995  INFO 7228 --- [main] com.zaxxer.hikari.HikariDataSource       : HikariPool-1 - Starting...
2023-12-01 23:13:57.644  INFO 7228 --- [main] com.zaxxer.hikari.HikariDataSource       : HikariPool-1 - Start completed.
2023-12-01 23:13:57.916  INFO 7228 --- [main] o.hibernate.jpa.internal.util.LogHelper  : HHH000204: Processing PersistenceUnitInfo [name: default]
2023-12-01 23:13:58.146  INFO 7228 --- [main] org.hibernate.Version                    : HHH000412: Hibernate ORM core version 5.4.32.Final
2023-12-01 23:13:58.662  INFO 7228 --- [main] o.hibernate.annotations.common.Version   : HCANN000001: Hibernate Commons Annotations {5.1.2.Final}
2023-12-01 23:13:59.174  INFO 7228 --- [main] org.hibernate.dialect.Dialect            : HHH000400: Using dialect: org.hibernate.dialect.PostgreSQL10Dialect
2023-12-01 23:14:40.404  INFO 7228 --- [main] Hibernate Types                          : This framework is proudly powered by:

>>>>>>>>>>>>>>>>>>>>>>>>>>>>>>>>>>>>>>>>>>>>>>>>>>>>>>>>>>>>>>>>
 _    _                           _     _
| |  | |                         (_)   | |
| |__| |_   _ _ __   ___ _ __ ___ _ ___| |_ ___ _ __   ___ ___
|  __  | | | | '_ \ / _ \ '__/ __| / __| __/ _ \ '_ \ / __/ _ \
| |  | | |_| | |_) |  __/ |  \__ \ \__ \ ||  __/ | | | (_|  __/
|_|  |_|\__, | .__/ \___|_|  |___/_|___/\__\___|_| |_|\___\___|
         __/ | |
        |___/|_|

At Hypersistence, we only build amazing tools, like Hibernate Types, Flexy Pool, or Hypersistence Optimizer.

What if there were a tool that could automatically detect JPA and Hibernate performance issues?

Hypersistence Optimizer is that tool! For more details, go to: 

https://vladmihalcea.com/hypersistence-optimizer/
<<<<<<<<<<<<<<<<<<<<<<<<<<<<<<<<<<<<<<<<<<<<<<<<<<<<<<<<<<<<<<<<

2023-12-01 23:14:41.320  INFO 7228 --- [main] o.h.e.t.j.p.i.JtaPlatformInitiator       : HHH000490: Using JtaPlatform implementation: [org.hibernate.engine.transaction.jta.platform.internal.NoJtaPlatform]
2023-12-01 23:14:41.719  INFO 7228 --- [main] j.LocalContainerEntityManagerFactoryBean : Initialized JPA EntityManagerFactory for persistence unit 'default'
2023-12-01 23:14:42.217  WARN 7228 --- [main] JpaBaseConfiguration$JpaWebConfiguration : spring.jpa.open-in-view is enabled by default. Therefore, database queries may be performed during view rendering. Explicitly configure spring.jpa.open-in-view to disable this warning
2023-12-01 23:14:42.714  WARN 7228 --- [main] o.s.x.transform.TransformerFactoryUtils  : http://javax.xml.XMLConstants/property/accessExternalDTD property not supported by org.apache.xalan.processor.TransformerFactoryImpl
2023-12-01 23:14:42.714  WARN 7228 --- [main] o.s.x.transform.TransformerFactoryUtils  : http://javax.xml.XMLConstants/property/accessExternalStylesheet property not supported by org.apache.xalan.processor.TransformerFactoryImpl
2023-12-01 23:14:42.781  INFO 7228 --- [main] o.s.b.w.embedded.tomcat.TomcatWebServer  : Tomcat started on port(s): 9002 (http) with context path ''
2023-12-01 23:14:42.793  INFO 7228 --- [main] c.m.c.v.m.s.ServicioCurpApplication      : Started ServicioCurpApplication in 59.039 seconds (JVM running for 96.606)
