2023-12-01 23:13:10.617  INFO 9080 --- [main] c.m.c.v.m.s.ServicioSolicitudpplication  : Starting ServicioSolicitudpplication using Java 11.0.16.1 on DESKTOP-NNSR15G with PID 9080 (C:\proyectosActuales\AMEXTRA\AMEXTRAMICROSERVICIOS\servicioSolicitud\target\classes started by jbecerril in C:\proyectosActuales\AMEXTRA\AMEXTRAMICROSERVICIOS\servicioSolicitud)
2023-12-01 23:13:10.637  INFO 9080 --- [main] c.m.c.v.m.s.ServicioSolicitudpplication  : The following profiles are active: qa
2023-12-01 23:13:15.511  INFO 9080 --- [main] .s.d.r.c.RepositoryConfigurationDelegate : Bootstrapping Spring Data JPA repositories in DEFAULT mode.
2023-12-01 23:13:15.575  INFO 9080 --- [main] .s.d.r.c.RepositoryConfigurationDelegate : Finished Spring Data repository scanning in 16 ms. Found 0 JPA repository interfaces.
2023-12-01 23:13:16.691  INFO 9080 --- [main] trationDelegate$BeanPostProcessorChecker : Bean 'org.springframework.ws.config.annotation.DelegatingWsConfiguration' of type [org.springframework.ws.config.annotation.DelegatingWsConfiguration$$EnhancerBySpringCGLIB$$43d35b71] is not eligible for getting processed by all BeanPostProcessors (for example: not eligible for auto-proxying)
2023-12-01 23:13:16.917  INFO 9080 --- [main] .w.s.a.s.AnnotationActionEndpointMapping : Supporting [WS-Addressing August 2004, WS-Addressing 1.0]
2023-12-01 23:13:21.128  INFO 9080 --- [main] o.s.b.w.embedded.tomcat.TomcatWebServer  : Tomcat initialized with port(s): 9023 (http)
2023-12-01 23:13:21.165  INFO 9080 --- [main] o.apache.catalina.core.StandardService   : Starting service [Tomcat]
2023-12-01 23:13:21.169  INFO 9080 --- [main] org.apache.catalina.core.StandardEngine  : Starting Servlet engine: [Apache Tomcat/9.0.52]
2023-12-01 23:13:21.606  INFO 9080 --- [main] o.a.c.c.C.[Tomcat].[localhost].[/]       : Initializing Spring embedded WebApplicationContext
2023-12-01 23:13:21.606  INFO 9080 --- [main] w.s.c.ServletWebServerApplicationContext : Root WebApplicationContext: initialization completed in 10811 ms
2023-12-01 23:13:21.947  INFO 9080 --- [main] com.zaxxer.hikari.HikariDataSource       : HikariPool-1 - Starting...
2023-12-01 23:13:23.473  INFO 9080 --- [main] com.zaxxer.hikari.HikariDataSource       : HikariPool-1 - Start completed.
2023-12-01 23:13:23.652  INFO 9080 --- [main] o.hibernate.jpa.internal.util.LogHelper  : HHH000204: Processing PersistenceUnitInfo [name: default]
2023-12-01 23:13:24.045  INFO 9080 --- [main] org.hibernate.Version                    : HHH000412: Hibernate ORM core version 5.4.32.Final
2023-12-01 23:13:24.514  INFO 9080 --- [main] o.hibernate.annotations.common.Version   : HCANN000001: Hibernate Commons Annotations {5.1.2.Final}
2023-12-01 23:13:24.935  INFO 9080 --- [main] org.hibernate.dialect.Dialect            : HHH000400: Using dialect: org.hibernate.dialect.PostgreSQL10Dialect
2023-12-01 23:13:26.642  INFO 9080 --- [main] Hibernate Types                          : This framework is proudly powered by:

>>>>>>>>>>>>>>>>>>>>>>>>>>>>>>>>>>>>>>>>>>>>>>>>>>>>>>>>>>>>>>>>
 _    _                           _     _
| |  | |                         (_)   | |
| |__| |_   _ _ __   ___ _ __ ___ _ ___| |_ ___ _ __   ___ ___
|  __  | | | | '_ \ / _ \ '__/ __| / __| __/ _ \ '_ \ / __/ _ \
| |  | | |_| | |_) |  __/ |  \__ \ \__ \ ||  __/ | | | (_|  __/
|_|  |_|\__, | .__/ \___|_|  |___/_|___/\__\___|_| |_|\___\___|
         __/ | |
        |___/|_|

At Hypersistence, we only build amazing tools, like Hibernate Types, Flexy Pool, or Hypersistence Optimizer.

What if there were a tool that could automatically detect JPA and Hibernate performance issues?

Hypersistence Optimizer is that tool! For more details, go to: 

https://vladmihalcea.com/hypersistence-optimizer/
<<<<<<<<<<<<<<<<<<<<<<<<<<<<<<<<<<<<<<<<<<<<<<<<<<<<<<<<<<<<<<<<

2023-12-01 23:13:29.788  INFO 9080 --- [main] o.h.e.t.j.p.i.JtaPlatformInitiator       : HHH000490: Using JtaPlatform implementation: [org.hibernate.engine.transaction.jta.platform.internal.NoJtaPlatform]
2023-12-01 23:13:31.460  INFO 9080 --- [main] j.LocalContainerEntityManagerFactoryBean : Initialized JPA EntityManagerFactory for persistence unit 'default'
2023-12-01 23:13:32.820  WARN 9080 --- [main] JpaBaseConfiguration$JpaWebConfiguration : spring.jpa.open-in-view is enabled by default. Therefore, database queries may be performed during view rendering. Explicitly configure spring.jpa.open-in-view to disable this warning
2023-12-01 23:13:35.107  WARN 9080 --- [main] o.s.x.transform.TransformerFactoryUtils  : http://javax.xml.XMLConstants/property/accessExternalDTD property not supported by org.apache.xalan.processor.TransformerFactoryImpl
2023-12-01 23:13:35.108  WARN 9080 --- [main] o.s.x.transform.TransformerFactoryUtils  : http://javax.xml.XMLConstants/property/accessExternalStylesheet property not supported by org.apache.xalan.processor.TransformerFactoryImpl
2023-12-01 23:13:35.292  INFO 9080 --- [main] o.s.b.w.embedded.tomcat.TomcatWebServer  : Tomcat started on port(s): 9023 (http) with context path ''
2023-12-01 23:13:35.332  INFO 9080 --- [main] c.m.c.v.m.s.ServicioSolicitudpplication  : Started ServicioSolicitudpplication in 26.169 seconds (JVM running for 29.977)
