#
# A fatal error has been detected by the Java Runtime Environment:
#
#  Internal Error (javaCalls.cpp:51), pid=12048, tid=0x00000000000023ac
#  guarantee(thread->is_Java_thread()) failed: crucial check - the VM thread cannot and must not escape to Java code
#
# JRE version: Java(TM) SE Runtime Environment (8.0_111-b14) (build 1.8.0_111-b14)
# Java VM: Java HotSpot(TM) 64-Bit Server VM (25.111-b14 mixed mode windows-amd64 compressed oops)
# Failed to write core dump. Minidumps are not enabled by default on client versions of Windows
#
# If you would like to submit a bug report, please visit:
#   http://bugreport.java.com/bugreport/crash.jsp
#

---------------  T H R E A D  ---------------

Current thread (0x000000001c047000):  VMThread [stack: 0x000000001d0d0000,0x000000001d1d0000] [id=9132]

Stack: [0x000000001d0d0000,0x000000001d1d0000]
[error occurred during error reporting (printing stack bounds), id 0xc0000005]

Native frames: (J=compiled Java code, j=interpreted, Vv=VM code, C=native code)

VM_Operation (0x000000001d7ef450): GetOrSetLocal, mode: safepoint, requested by thread 0x000000001c092800


---------------  P R O C E S S  ---------------

Java Threads: ( => current thread )
  0x00000000201f7000 JavaThread "Keep-Alive-Timer" daemon [_thread_blocked, id=11548, stack(0x0000000024940000,0x0000000024a40000)]
  0x00000000201f1000 JavaThread "http-nio-9005-exec-10" daemon [_thread_blocked, id=10036, stack(0x0000000024840000,0x0000000024940000)]
  0x00000000201ee800 JavaThread "http-nio-9005-exec-9" daemon [_thread_blocked, id=8000, stack(0x0000000021870000,0x0000000021970000)]
  0x00000000201ef800 JavaThread "http-nio-9005-exec-8" daemon [_thread_blocked, id=8028, stack(0x0000000024740000,0x0000000024840000)]
  0x00000000201f3000 JavaThread "http-nio-9005-exec-7" daemon [_thread_blocked, id=6752, stack(0x0000000024240000,0x0000000024340000)]
  0x00000000201ed000 JavaThread "http-nio-9005-exec-6" daemon [_thread_blocked, id=14860, stack(0x0000000023c40000,0x0000000023d40000)]
  0x00000000201f4000 JavaThread "http-nio-9005-exec-5" daemon [_thread_blocked, id=13796, stack(0x0000000000e70000,0x0000000000f70000)]
  0x00000000201f1800 JavaThread "http-nio-9005-exec-4" daemon [_thread_blocked, id=9988, stack(0x0000000024640000,0x0000000024740000)]
  0x00000000201ee000 JavaThread "http-nio-9005-exec-3" daemon [_thread_blocked, id=11996, stack(0x0000000024540000,0x0000000024640000)]
  0x00000000201f2800 JavaThread "http-nio-9005-exec-2" daemon [_thread_blocked, id=11252, stack(0x0000000000f70000,0x0000000001070000)]
  0x000000001c0b2800 JavaThread "http-nio-9005-exec-1" daemon [_thread_blocked, id=7188, stack(0x0000000000d40000,0x0000000000e40000)]
  0x000000001c0b1800 JavaThread "DestroyJavaVM" [_thread_blocked, id=11764, stack(0x0000000002a70000,0x0000000002b70000)]
  0x000000001c0b1000 JavaThread "http-nio-9005-Acceptor" daemon [_thread_in_native, id=13252, stack(0x0000000023b40000,0x0000000023c40000)]
  0x000000001c0b4800 JavaThread "http-nio-9005-Poller" daemon [_thread_blocked, id=18180, stack(0x0000000023a40000,0x0000000023b40000)]
  0x000000001c0b0000 JavaThread "HikariPool-1 housekeeper" daemon [_thread_blocked, id=17380, stack(0x0000000021b70000,0x0000000021c70000)]
  0x000000001c0b7000 JavaThread "container-0" [_thread_blocked, id=12144, stack(0x0000000021370000,0x0000000021470000)]
  0x000000001c0b4000 JavaThread "Catalina-utility-2" [_thread_blocked, id=4384, stack(0x0000000021270000,0x0000000021370000)]
  0x000000001c0b6000 JavaThread "Catalina-utility-1" [_thread_blocked, id=15708, stack(0x000000001f3a0000,0x000000001f4a0000)]
  0x000000001dc41800 JavaThread "Service Thread" daemon [_thread_blocked, id=16552, stack(0x000000001e0f0000,0x000000001e1f0000)]
  0x000000001dc0b000 JavaThread "C1 CompilerThread2" daemon [_thread_blocked, id=6756, stack(0x000000001dff0000,0x000000001e0f0000)]
  0x000000001c0d3000 JavaThread "C2 CompilerThread1" daemon [_thread_blocked, id=9080, stack(0x000000001daf0000,0x000000001dbf0000)]
  0x000000001c0b9000 JavaThread "C2 CompilerThread0" daemon [_thread_blocked, id=1484, stack(0x000000001d9f0000,0x000000001daf0000)]
  0x000000001c0ac000 JavaThread "JDWP Command Reader" daemon [_thread_in_native, id=17196, stack(0x000000001d8f0000,0x000000001d9f0000)]
  0x000000001c09e000 JavaThread "JDWP Event Helper Thread" daemon [_thread_blocked, id=11752, stack(0x000000001d7f0000,0x000000001d8f0000)]
  0x000000001c092800 JavaThread "JDWP Transport Listener: dt_socket" daemon [_thread_blocked, id=4644, stack(0x000000001d6f0000,0x000000001d7f0000)]
  0x000000001c087000 JavaThread "Attach Listener" daemon [_thread_blocked, id=16372, stack(0x000000001d5f0000,0x000000001d6f0000)]
  0x000000001c086000 JavaThread "Signal Dispatcher" daemon [_thread_blocked, id=8136, stack(0x000000001d4f0000,0x000000001d5f0000)]
  0x000000001c06e800 JavaThread "Finalizer" daemon [_thread_blocked, id=11564, stack(0x000000001d2d0000,0x000000001d3d0000)]
  0x0000000002c69000 JavaThread "Reference Handler" daemon [_thread_blocked, id=17836, stack(0x000000001d1d0000,0x000000001d2d0000)]

Other Threads:
=>0x000000001c047000 VMThread [stack: 0x000000001d0d0000,0x000000001d1d0000] [id=9132]
  0x000000001dc6a800 WatcherThread [stack: 0x000000001e1f0000,0x000000001e2f0000] [id=4952]

VM state:at safepoint (normal execution)

VM Mutex/Monitor currently owned by a thread:  ([mutex/lock_event])
[0x0000000002b74d00] Threads_lock - owner thread: 0x000000001c047000

Heap:
 PSYoungGen      total 147456K, used 63998K [0x000000076c380000, 0x0000000778400000, 0x00000007c0000000)
  eden space 130048K, 49% used [0x000000076c380000,0x00000007701ffb80,0x0000000774280000)
  from space 17408K, 0% used [0x0000000774280000,0x0000000774280000,0x0000000775380000)
  to   space 22016K, 0% used [0x0000000776e80000,0x0000000776e80000,0x0000000778400000)
 ParOldGen       total 286208K, used 41394K [0x00000006c4a00000, 0x00000006d6180000, 0x000000076c380000)
  object space 286208K, 14% used [0x00000006c4a00000,0x00000006c726c8a0,0x00000006d6180000)
 Metaspace       used 58300K, capacity 61232K, committed 61312K, reserved 1101824K
  class space    used 7760K, capacity 8284K, committed 8320K, reserved 1048576K

Card table byte_map: [0x0000000012030000,0x0000000012810000] byte_map_base: 0x000000000ea0b000

Marking Bits: (ParMarkBitMap*) 0x0000000071e3a6c0
 Begin Bits: [0x0000000013150000, 0x0000000017028000)
 End Bits:   [0x0000000017028000, 0x000000001af00000)

Polling page: 0x0000000000c30000

CodeCache: size=245760Kb used=13458Kb max_used=13458Kb free=232301Kb
 bounds [0x0000000002c70000, 0x00000000039a0000, 0x0000000011c70000]
 total_blobs=7855 nmethods=7285 adapters=488
 compilation: enabled

Compilation events (10 events):
Event: 650.453 Thread 0x000000001dc0b000 7454       1       java.util.Calendar::isFieldSet (14 bytes)
Event: 650.453 Thread 0x000000001dc0b000 nmethod 7454 0x0000000003997ed0 code [0x0000000003998020, 0x0000000003998130]
Event: 650.453 Thread 0x000000001dc0b000 7457       1       org.apache.tomcat.util.buf.ByteChunk::getBuffer (5 bytes)
Event: 650.453 Thread 0x000000001dc0b000 nmethod 7457 0x0000000003998190 code [0x00000000039982e0, 0x00000000039983f0]
Event: 650.453 Thread 0x000000001dc0b000 7453       1       com.fasterxml.jackson.core.json.JsonWriteContext::clearAndGetParent (10 bytes)
Event: 650.453 Thread 0x000000001dc0b000 nmethod 7453 0x0000000003998450 code [0x00000000039985a0, 0x00000000039986d0]
Event: 655.126 Thread 0x000000001dc0b000 7458       1       org.apache.catalina.webresources.Cache$EvictionOrder::compare (13 bytes)
Event: 655.126 Thread 0x000000001dc0b000 nmethod 7458 0x0000000003998750 code [0x00000000039988c0, 0x0000000003998ab0]
Event: 655.127 Thread 0x000000001dc0b000 7459       1       org.apache.catalina.webresources.Cache$EvictionOrder::compare (31 bytes)
Event: 655.127 Thread 0x000000001dc0b000 nmethod 7459 0x0000000003998c10 code [0x0000000003998d60, 0x0000000003998ed0]

GC Heap History (10 events):
Event: 26.093 GC heap before
{Heap before GC invocations=10 (full 2):
 PSYoungGen      total 100352K, used 89088K [0x000000076c380000, 0x0000000775600000, 0x00000007c0000000)
  eden space 89088K, 100% used [0x000000076c380000,0x0000000771a80000,0x0000000771a80000)
  from space 11264K, 0% used [0x0000000771a80000,0x0000000771a80000,0x0000000772580000)
  to   space 12288K, 0% used [0x0000000774a00000,0x0000000774a00000,0x0000000775600000)
 ParOldGen       total 189952K, used 17356K [0x00000006c4a00000, 0x00000006d0380000, 0x000000076c380000)
  object space 189952K, 9% used [0x00000006c4a00000,0x00000006c5af3110,0x00000006d0380000)
 Metaspace       used 40737K, capacity 42848K, committed 43136K, reserved 1087488K
  class space    used 5567K, capacity 5964K, committed 6016K, reserved 1048576K
Event: 26.102 GC heap after
Heap after GC invocations=10 (full 2):
 PSYoungGen      total 123392K, used 9527K [0x000000076c380000, 0x0000000775380000, 0x00000007c0000000)
  eden space 113664K, 0% used [0x000000076c380000,0x000000076c380000,0x0000000773280000)
  from space 9728K, 97% used [0x0000000774a00000,0x000000077534df18,0x0000000775380000)
  to   space 12800K, 0% used [0x0000000773a80000,0x0000000773a80000,0x0000000774700000)
 ParOldGen       total 189952K, used 17364K [0x00000006c4a00000, 0x00000006d0380000, 0x000000076c380000)
  object space 189952K, 9% used [0x00000006c4a00000,0x00000006c5af5110,0x00000006d0380000)
 Metaspace       used 40737K, capacity 42848K, committed 43136K, reserved 1087488K
  class space    used 5567K, capacity 5964K, committed 6016K, reserved 1048576K
}
Event: 26.816 GC heap before
{Heap before GC invocations=11 (full 2):
 PSYoungGen      total 123392K, used 123191K [0x000000076c380000, 0x0000000775380000, 0x00000007c0000000)
  eden space 113664K, 100% used [0x000000076c380000,0x0000000773280000,0x0000000773280000)
  from space 9728K, 97% used [0x0000000774a00000,0x000000077534df18,0x0000000775380000)
  to   space 12800K, 0% used [0x0000000773a80000,0x0000000773a80000,0x0000000774700000)
 ParOldGen       total 189952K, used 17364K [0x00000006c4a00000, 0x00000006d0380000, 0x000000076c380000)
  object space 189952K, 9% used [0x00000006c4a00000,0x00000006c5af5110,0x00000006d0380000)
 Metaspace       used 43446K, capacity 45630K, committed 45824K, reserved 1089536K
  class space    used 5971K, capacity 6369K, committed 6400K, reserved 1048576K
Event: 26.825 GC heap after
Heap after GC invocations=11 (full 2):
 PSYoungGen      total 134656K, used 9010K [0x000000076c380000, 0x0000000775f80000, 0x00000007c0000000)
  eden space 121856K, 0% used [0x000000076c380000,0x000000076c380000,0x0000000773a80000)
  from space 12800K, 70% used [0x0000000773a80000,0x000000077434c8e8,0x0000000774700000)
  to   space 12288K, 0% used [0x0000000775380000,0x0000000775380000,0x0000000775f80000)
 ParOldGen       total 189952K, used 17372K [0x00000006c4a00000, 0x00000006d0380000, 0x000000076c380000)
  object space 189952K, 9% used [0x00000006c4a00000,0x00000006c5af7110,0x00000006d0380000)
 Metaspace       used 43446K, capacity 45630K, committed 45824K, reserved 1089536K
  class space    used 5971K, capacity 6369K, committed 6400K, reserved 1048576K
}
Event: 28.122 GC heap before
{Heap before GC invocations=12 (full 2):
 PSYoungGen      total 134656K, used 130866K [0x000000076c380000, 0x0000000775f80000, 0x00000007c0000000)
  eden space 121856K, 100% used [0x000000076c380000,0x0000000773a80000,0x0000000773a80000)
  from space 12800K, 70% used [0x0000000773a80000,0x000000077434c8e8,0x0000000774700000)
  to   space 12288K, 0% used [0x0000000775380000,0x0000000775380000,0x0000000775f80000)
 ParOldGen       total 189952K, used 17372K [0x00000006c4a00000, 0x00000006d0380000, 0x000000076c380000)
  object space 189952K, 9% used [0x00000006c4a00000,0x00000006c5af7110,0x00000006d0380000)
 Metaspace       used 47414K, capacity 49754K, committed 49920K, reserved 1091584K
  class space    used 6390K, capacity 6823K, committed 6912K, reserved 1048576K
Event: 28.142 GC heap after
Heap after GC invocations=12 (full 2):
 PSYoungGen      total 142336K, used 12264K [0x000000076c380000, 0x0000000777600000, 0x00000007c0000000)
  eden space 130048K, 0% used [0x000000076c380000,0x000000076c380000,0x0000000774280000)
  from space 12288K, 99% used [0x0000000775380000,0x0000000775f7a060,0x0000000775f80000)
  to   space 17408K, 0% used [0x0000000774280000,0x0000000774280000,0x0000000775380000)
 ParOldGen       total 189952K, used 27774K [0x00000006c4a00000, 0x00000006d0380000, 0x000000076c380000)
  object space 189952K, 14% used [0x00000006c4a00000,0x00000006c651f8b8,0x00000006d0380000)
 Metaspace       used 47414K, capacity 49754K, committed 49920K, reserved 1091584K
  class space    used 6390K, capacity 6823K, committed 6912K, reserved 1048576K
}
Event: 63.275 GC heap before
{Heap before GC invocations=13 (full 2):
 PSYoungGen      total 142336K, used 117367K [0x000000076c380000, 0x0000000777600000, 0x00000007c0000000)
  eden space 130048K, 80% used [0x000000076c380000,0x0000000772a23e40,0x0000000774280000)
  from space 12288K, 99% used [0x0000000775380000,0x0000000775f7a060,0x0000000775f80000)
  to   space 17408K, 0% used [0x0000000774280000,0x0000000774280000,0x0000000775380000)
 ParOldGen       total 189952K, used 27774K [0x00000006c4a00000, 0x00000006d0380000, 0x000000076c380000)
  object space 189952K, 14% used [0x00000006c4a00000,0x00000006c651f8b8,0x00000006d0380000)
 Metaspace       used 56202K, capacity 59088K, committed 59160K, reserved 1099776K
  class space    used 7485K, capacity 8022K, committed 8064K, reserved 1048576K
Event: 63.308 GC heap after
Heap after GC invocations=13 (full 2):
 PSYoungGen      total 147456K, used 17407K [0x000000076c380000, 0x0000000778400000, 0x00000007c0000000)
  eden space 130048K, 0% used [0x000000076c380000,0x000000076c380000,0x0000000774280000)
  from space 17408K, 99% used [0x0000000774280000,0x000000077537ff70,0x0000000775380000)
  to   space 22016K, 0% used [0x0000000776e80000,0x0000000776e80000,0x0000000778400000)
 ParOldGen       total 189952K, used 34154K [0x00000006c4a00000, 0x00000006d0380000, 0x000000076c380000)
  object space 189952K, 17% used [0x00000006c4a00000,0x00000006c6b5aa80,0x00000006d0380000)
 Metaspace       used 56202K, capacity 59088K, committed 59160K, reserved 1099776K
  class space    used 7485K, capacity 8022K, committed 8064K, reserved 1048576K
}
Event: 63.308 GC heap before
{Heap before GC invocations=14 (full 3):
 PSYoungGen      total 147456K, used 17407K [0x000000076c380000, 0x0000000778400000, 0x00000007c0000000)
  eden space 130048K, 0% used [0x000000076c380000,0x000000076c380000,0x0000000774280000)
  from space 17408K, 99% used [0x0000000774280000,0x000000077537ff70,0x0000000775380000)
  to   space 22016K, 0% used [0x0000000776e80000,0x0000000776e80000,0x0000000778400000)
 ParOldGen       total 189952K, used 34154K [0x00000006c4a00000, 0x00000006d0380000, 0x000000076c380000)
  object space 189952K, 17% used [0x00000006c4a00000,0x00000006c6b5aa80,0x00000006d0380000)
 Metaspace       used 56202K, capacity 59088K, committed 59160K, reserved 1099776K
  class space    used 7485K, capacity 8022K, committed 8064K, reserved 1048576K
Event: 63.520 GC heap after
Heap after GC invocations=14 (full 3):
 PSYoungGen      total 147456K, used 0K [0x000000076c380000, 0x0000000778400000, 0x00000007c0000000)
  eden space 130048K, 0% used [0x000000076c380000,0x000000076c380000,0x0000000774280000)
  from space 17408K, 0% used [0x0000000774280000,0x0000000774280000,0x0000000775380000)
  to   space 22016K, 0% used [0x0000000776e80000,0x0000000776e80000,0x0000000778400000)
 ParOldGen       total 286208K, used 41394K [0x00000006c4a00000, 0x00000006d6180000, 0x000000076c380000)
  object space 286208K, 14% used [0x00000006c4a00000,0x00000006c726c8a0,0x00000006d6180000)
 Metaspace       used 56202K, capacity 59088K, committed 59160K, reserved 1099776K
  class space    used 7485K, capacity 8022K, committed 8064K, reserved 1048576K
}

Deoptimization events (0 events):
No events

Internal exceptions (10 events):
Event: 62.040 Thread 0x00000000201f2800 Exception <a 'java/lang/ClassNotFoundException': java/lang/package-info> (0x0000000771b593d0) thrown at [C:\re\workspace\8-2-build-windows-amd64-cygwin\jdk8u111\7883\hotspot\src\share\vm\classfile\systemDictionary.cpp, line 210]
Event: 68.954 Thread 0x00000000201f2800 Exception <a 'java/lang/ArrayIndexOutOfBoundsException'> (0x000000076c8e59e8) thrown at [C:\re\workspace\8-2-build-windows-amd64-cygwin\jdk8u111\7883\hotspot\src\share\vm\runtime\sharedRuntime.cpp, line 605]
Event: 68.959 Thread 0x00000000201f2800 Exception <a 'java/lang/ArrayIndexOutOfBoundsException'> (0x000000076c912c50) thrown at [C:\re\workspace\8-2-build-windows-amd64-cygwin\jdk8u111\7883\hotspot\src\share\vm\runtime\sharedRuntime.cpp, line 605]
Event: 88.952 Thread 0x00000000201f2800 Exception <a 'java/lang/reflect/InvocationTargetException'> (0x000000076ce4b868) thrown at [C:\re\workspace\8-2-build-windows-amd64-cygwin\jdk8u111\7883\hotspot\src\share\vm\runtime\reflection.cpp, line 1092]
Event: 89.190 Thread 0x00000000201f2800 Exception <a 'java/lang/ArrayIndexOutOfBoundsException': 137> (0x000000076d263fe0) thrown at [C:\re\workspace\8-2-build-windows-amd64-cygwin\jdk8u111\7883\hotspot\src\share\vm\interpreter\interpreterRuntime.cpp, line 366]
Event: 89.190 Thread 0x00000000201f2800 Exception <a 'java/lang/ArrayIndexOutOfBoundsException': 64> (0x000000076d265480) thrown at [C:\re\workspace\8-2-build-windows-amd64-cygwin\jdk8u111\7883\hotspot\src\share\vm\interpreter\interpreterRuntime.cpp, line 366]
Event: 89.249 Thread 0x00000000201f2800 Exception <a 'java/lang/ArrayIndexOutOfBoundsException': 101> (0x000000076d3a7a00) thrown at [C:\re\workspace\8-2-build-windows-amd64-cygwin\jdk8u111\7883\hotspot\src\share\vm\interpreter\interpreterRuntime.cpp, line 366]
Event: 89.263 Thread 0x00000000201f2800 Exception <a 'java/lang/ArrayIndexOutOfBoundsException': 149> (0x000000076d3d1790) thrown at [C:\re\workspace\8-2-build-windows-amd64-cygwin\jdk8u111\7883\hotspot\src\share\vm\interpreter\interpreterRuntime.cpp, line 366]
Event: 89.265 Thread 0x00000000201f2800 Exception <a 'java/lang/ArrayIndexOutOfBoundsException': 61> (0x000000076d3d6038) thrown at [C:\re\workspace\8-2-build-windows-amd64-cygwin\jdk8u111\7883\hotspot\src\share\vm\interpreter\interpreterRuntime.cpp, line 366]
Event: 202.667 Thread 0x00000000201f1800 Exception <a 'java/lang/ArrayIndexOutOfBoundsException'> (0x000000076e5103a0) thrown at [C:\re\workspace\8-2-build-windows-amd64-cygwin\jdk8u111\7883\hotspot\src\share\vm\runtime\sharedRuntime.cpp, line 605]

Events (10 events):
Event: 671.073 Executing VM operation: ChangeBreakpoints
Event: 671.076 Executing VM operation: ChangeBreakpoints done
Event: 676.126 Executing VM operation: RevokeBias
Event: 676.126 Executing VM operation: RevokeBias done
Event: 676.984 Thread 0x00000000201f4800 Thread added: 0x00000000201f4800
Event: 676.984 Executing VM operation: RevokeBias
Event: 676.984 Executing VM operation: RevokeBias done
Event: 676.984 Thread 0x00000000201f4800 Thread exited: 0x00000000201f4800
Event: 682.336 Thread 0x00000000201f7000 Thread added: 0x00000000201f7000
Event: 685.188 Executing VM operation: GetOrSetLocal


Dynamic libraries:
0x00007ff678160000 - 0x00007ff678197000 	C:\Program Files\Java\jdk1.8.0_111\jre\bin\java.exe
0x00007ffad2eb0000 - 0x00007ffad30a5000 	C:\Windows\SYSTEM32\ntdll.dll
0x00007ffad1700000 - 0x00007ffad17be000 	C:\Windows\System32\KERNEL32.DLL
0x00007ffad0990000 - 0x00007ffad0c58000 	C:\Windows\System32\KERNELBASE.dll
0x00007ffad2aa0000 - 0x00007ffad2b4c000 	C:\Windows\System32\ADVAPI32.DLL
0x00007ffad1850000 - 0x00007ffad18ee000 	C:\Windows\System32\msvcrt.dll
0x00007ffad1ea0000 - 0x00007ffad1f3b000 	C:\Windows\System32\sechost.dll
0x00007ffad18f0000 - 0x00007ffad1a1a000 	C:\Windows\System32\RPCRT4.dll
0x00007ffad13c0000 - 0x00007ffad1561000 	C:\Windows\System32\USER32.dll
0x00007ffad05d0000 - 0x00007ffad05f2000 	C:\Windows\System32\win32u.dll
0x00007ffad2d60000 - 0x00007ffad2d8b000 	C:\Windows\System32\GDI32.dll
0x00007ffad0df0000 - 0x00007ffad0efb000 	C:\Windows\System32\gdi32full.dll
0x00007ffad08f0000 - 0x00007ffad098d000 	C:\Windows\System32\msvcp_win.dll
0x00007ffad0790000 - 0x00007ffad0890000 	C:\Windows\System32\ucrtbase.dll
0x00007ffac6df0000 - 0x00007ffac708a000 	C:\Windows\WinSxS\amd64_microsoft.windows.common-controls_6595b64144ccf1df_6.0.19041.1110_none_60b5254171f9507e\COMCTL32.dll
0x00007ffad1620000 - 0x00007ffad1650000 	C:\Windows\System32\IMM32.DLL
0x0000000071540000 - 0x0000000071612000 	C:\Program Files\Java\jdk1.8.0_111\jre\bin\msvcr100.dll
0x0000000071620000 - 0x0000000071eba000 	C:\Program Files\Java\jdk1.8.0_111\jre\bin\server\jvm.dll
0x00007ffad2770000 - 0x00007ffad2778000 	C:\Windows\System32\PSAPI.DLL
0x00007ffacb350000 - 0x00007ffacb359000 	C:\Windows\SYSTEM32\WSOCK32.dll
0x00007ffad27e0000 - 0x00007ffad284b000 	C:\Windows\System32\WS2_32.dll
0x00007ffacaff0000 - 0x00007ffacaffa000 	C:\Windows\SYSTEM32\VERSION.dll
0x00007ffac3530000 - 0x00007ffac3557000 	C:\Windows\SYSTEM32\WINMM.dll
0x00000000714f0000 - 0x00000000714ff000 	C:\Program Files\Java\jdk1.8.0_111\jre\bin\verify.dll
0x00000000714c0000 - 0x00000000714e9000 	C:\Program Files\Java\jdk1.8.0_111\jre\bin\java.dll
0x0000000070220000 - 0x0000000070255000 	C:\Program Files\Java\jdk1.8.0_111\jre\bin\jdwp.dll
0x0000000070210000 - 0x0000000070218000 	C:\Program Files\Java\jdk1.8.0_111\jre\bin\npt.dll
0x00000000714a0000 - 0x00000000714b6000 	C:\Program Files\Java\jdk1.8.0_111\jre\bin\zip.dll
0x00007ffad1f50000 - 0x00007ffad268f000 	C:\Windows\System32\SHELL32.dll
0x00007fface580000 - 0x00007ffaced10000 	C:\Windows\SYSTEM32\windows.storage.dll
0x00007ffad1050000 - 0x00007ffad13a5000 	C:\Windows\System32\combase.dll
0x00007ffacff40000 - 0x00007ffacff6e000 	C:\Windows\SYSTEM32\Wldp.dll
0x00007ffad1650000 - 0x00007ffad16fd000 	C:\Windows\System32\SHCORE.dll
0x00007ffad2b50000 - 0x00007ffad2ba5000 	C:\Windows\System32\shlwapi.dll
0x00007ffad0510000 - 0x00007ffad052f000 	C:\Windows\SYSTEM32\profapi.dll
0x0000000070200000 - 0x0000000070209000 	C:\Program Files\Java\jdk1.8.0_111\jre\bin\dt_socket.dll
0x00007ffacfd20000 - 0x00007ffacfd8a000 	C:\Windows\system32\mswsock.dll
0x0000000071210000 - 0x000000007121d000 	C:\Program Files\Java\jdk1.8.0_111\jre\bin\management.dll
0x0000000071480000 - 0x000000007149a000 	C:\Program Files\Java\jdk1.8.0_111\jre\bin\net.dll
0x00007ffac3510000 - 0x00007ffac3527000 	C:\Windows\system32\napinsp.dll
0x00007ffad0cb0000 - 0x00007ffad0d33000 	C:\Windows\System32\bcryptPrimitives.dll
0x00007ffac2cd0000 - 0x00007ffac2ceb000 	C:\Windows\system32\pnrpnsp.dll
0x00007ffac1fb0000 - 0x00007ffac1fc5000 	C:\Windows\system32\wshbth.dll
0x00007ffac9a30000 - 0x00007ffac9a4d000 	C:\Windows\system32\NLAapi.dll
0x00007ffacf960000 - 0x00007ffacf99b000 	C:\Windows\SYSTEM32\IPHLPAPI.DLL
0x00007ffacf9a0000 - 0x00007ffacfa6b000 	C:\Windows\SYSTEM32\DNSAPI.dll
0x00007ffad13b0000 - 0x00007ffad13b8000 	C:\Windows\System32\NSI.dll
0x00007ffac8bf0000 - 0x00007ffac8c02000 	C:\Windows\System32\winrnr.dll
0x00007ffac65f0000 - 0x00007ffac65fa000 	C:\Windows\System32\rasadhlp.dll
0x00007ffac8110000 - 0x00007ffac818f000 	C:\Windows\System32\fwpuclnt.dll
0x00007ffad0600000 - 0x00007ffad0627000 	C:\Windows\System32\bcrypt.dll
0x0000000071460000 - 0x0000000071471000 	C:\Program Files\Java\jdk1.8.0_111\jre\bin\nio.dll
0x00007ffad02f0000 - 0x00007ffad0308000 	C:\Windows\SYSTEM32\CRYPTSP.dll
0x00007ffacf4e0000 - 0x00007ffacf514000 	C:\Windows\system32\rsaenh.dll
0x00007ffad0490000 - 0x00007ffad04be000 	C:\Windows\SYSTEM32\USERENV.dll
0x00007ffacfeb0000 - 0x00007ffacfebc000 	C:\Windows\SYSTEM32\CRYPTBASE.dll
0x00007ffac93e0000 - 0x00007ffac93f7000 	C:\Windows\SYSTEM32\dhcpcsvc6.DLL
0x00007ffac9510000 - 0x00007ffac952d000 	C:\Windows\SYSTEM32\dhcpcsvc.DLL
0x0000000070330000 - 0x0000000070354000 	C:\Program Files\Java\jdk1.8.0_111\jre\bin\sunec.dll
0x0000000070320000 - 0x000000007032b000 	C:\Program Files\Java\jdk1.8.0_111\jre\bin\sunmscapi.dll
0x00007ffad0630000 - 0x00007ffad0786000 	C:\Windows\System32\CRYPT32.dll

VM Arguments:
jvm_args: -Xverify:none -XX:TieredStopAtLevel=1 -Xdebug -Xrunjdwp:transport=dt_socket,server=n,address=55538 -Xverify:none -XX:TieredStopAtLevel=1 
java_command: com.mx.ca.viu.microservicios.servicioOcrIdentificacion.ServicioExtDatosOcrIdentifiacionApplication
java_class_path (initial): C:\Clientes\PIMA_NUEVO\trunk\Microservicios\servicioOcrIdentificacion\target\classes;C:\Clientes\PIMA_NUEVO\trunk\WEB\Commons\target\classes;C:\Users\MiguelJesusRamirezMa\.m2\repository\commons-codec\commons-codec\1.15\commons-codec-1.15.jar;C:\Users\MiguelJesusRamirezMa\.m2\repository\com\fasterxml\jackson\core\jackson-core\2.12.4\jackson-core-2.12.4.jar;C:\Users\MiguelJesusRamirezMa\.m2\repository\com\fasterxml\jackson\core\jackson-annotations\2.12.4\jackson-annotations-2.12.4.jar;C:\Users\MiguelJesusRamirezMa\.m2\repository\com\fasterxml\jackson\core\jackson-databind\2.12.4\jackson-databind-2.12.4.jar;C:\Users\MiguelJesusRamirezMa\.m2\repository\com\fasterxml\jackson\datatype\jackson-datatype-jsr310\2.12.4\jackson-datatype-jsr310-2.12.4.jar;C:\Users\MiguelJesusRamirezMa\.m2\repository\com\github\fge\json-schema-validator\2.2.6\json-schema-validator-2.2.6.jar;C:\Users\MiguelJesusRamirezMa\.m2\repository\com\google\code\findbugs\jsr305\3.0.0\jsr305-3.0.0.jar;C:\Users\MiguelJesusRamirezMa\.m2\repository\joda-time\joda-time\2.3\joda-time-2.3.jar;C:\Users\MiguelJesusRamirezMa\.m2\repository\com\googlecode\libphonenumber\libphonenumber\6.2\libphonenumber-6.2.jar;C:\Users\MiguelJesusRamirezMa\.m2\repository\com\github\fge\json-schema-core\1.2.5\json-schema-core-1.2.5.jar;C:\Users\MiguelJesusRamirezMa\.m2\repository\com\github\fge\uri-template\0.9\uri-template-0.9.jar;C:\Users\MiguelJesusRamirezMa\.m2\repository\com\github\fge\msg-simple\1.1\msg-simple-1.1.jar;C:\Users\MiguelJesusRamirezMa\.m2\repository\com\github\fge\btf\1.2\btf-1.2.jar;C:\Users\MiguelJesusRamirezMa\.m2\repository\com\google\guava\guava\16.0.1\guava-16.0.1.jar;C:\Users\MiguelJesusRamirezMa\.m2\repository\com\github\fge\jackson-coreutils\1.8\jackson-coreutils-1.8.jar;C:\Users\MiguelJesusRamirezMa\.m2\repository\org\mozilla\rhino\1.7R4\rhino-1.7R4.jar;C:\Users\MiguelJesusRamirezMa\.m2\repository\javax\mail\mailapi\1.4.3\mailapi-1.4.3.jar;C:\Users\MiguelJesusRamirezMa\.m2\repo
Launcher Type: SUN_STANDARD

Environment Variables:
JAVA_HOME=C:\Program Files\Java\jdk1.8.0_111
PATH=C:\Program Files (x86)\Microsoft SDKs\Azure\CLI2\wbin;C:\ProgramData\Oracle\Java\javapath;C:\Program Files\Common Files\Oracle\Java\javapath;C:\Program Files (x86)\Common Files\Oracle\Java\javapath;C:\Program Files\Microsoft MPI\Bin\;C:\Windows\system32;C:\Windows;C:\Windows\System32\Wbem;C:\Windows\System32\WindowsPowerShell\v1.0\;C:\Windows\System32\OpenSSH\;C:\apache-maven-3.8.1\bin;C:\Program Files\dotnet\;C:\Program Files\Microsoft SQL Server\130\Tools\Binn\;C:\Program Files\Microsoft SQL Server\Client SDK\ODBC\170\Tools\Binn\;C:\Program Files (x86)\Microsoft SQL Server\140\Tools\Binn\;C:\Program Files\Microsoft SQL Server\140\Tools\Binn\;C:\Program Files (x86)\Microsoft SQL Server\140\DTS\Binn\;C:\Program Files\Microsoft SQL Server\140\DTS\Binn\;C:\Program Files\Microsoft SQL Server\Client SDK\ODBC\130\Tools\Binn\;C:\Program Files (x86)\Microsoft SQL Server\150\DTS\Binn\;C:\Program Files\Azure Data Studio\bin;C:\Program Files\TortoiseSVN\bin;C:\Program Files\PostgreSQL\12\bin;C:\Program Files\Git\cmd;C:\Program Files\MySQL\MySQL Shell 8.0\bin\;C:\Users\MiguelJesusRamirezMa\AppData\Local\Microsoft\WindowsApps;C:\Users\MiguelJesusRamirezMa\.dotnet\tools;C:\Users\MiguelJesusRamirezMa\AppData\Local\Programs\Microsoft VS Code\bin
USERNAME=mramirez
OS=Windows_NT
PROCESSOR_IDENTIFIER=Intel64 Family 6 Model 78 Stepping 3, GenuineIntel



---------------  S Y S T E M  ---------------

OS: Windows 10.0 , 64 bit Build 19041 (10.0.19041.1348)

CPU:total 4 (2 cores per cpu, 2 threads per core) family 6 model 78 stepping 3, cmov, cx8, fxsr, mmx, sse, sse2, sse3, ssse3, sse4.1, sse4.2, popcnt, avx, avx2, aes, clmul, erms, 3dnowpref, lzcnt, ht, tsc, tscinvbit, bmi1, bmi2, adx

Memory: 4k page, physical 16471560k(6958672k free), swap 18961928k(5160056k free)

vm_info: Java HotSpot(TM) 64-Bit Server VM (25.111-b14) for windows-amd64 JRE (1.8.0_111-b14), built on Sep 22 2016 19:24:05 by "java_re" with MS VC++ 10.0 (VS2010)

time: Tue Dec 07 16:00:22 2021
elapsed time: 685 seconds (0d 0h 11m 25s)

